
-------
06/17/2017 17:17:27
-------

-- create table `account`
DROP TABLE `account` 
CREATE TABLE `account` (
  `id` int(11) NOT NULL AUTO_INCREMENT,
  `name` varchar(20) NOT NULL,
  `money` double DEFAULT NULL,
  PRIMARY KEY (`id`)
)   
INSERT INTO `account` VALUES ('1', 'aaa', '1000') 
INSERT INTO `account` VALUES ('2', 'bbb', '1000') 
INSERT INTO `account` VALUES ('3', 'ccc', '1000') 

-------
06/18/2017 17:18:07
-------

-- create table `account`
DROP TABLE `account` 
CREATE TABLE `account` (
  `id` int(11) NOT NULL AUTO_INCREMENT,
  `name` varchar(20) NOT NULL,
  `money` double DEFAULT NULL,
  PRIMARY KEY (`id`)
)   
INSERT INTO `account` VALUES ('1', 'aaa', '1000') 
INSERT INTO `account` VALUES ('2', 'bbb', '1000') 
INSERT INTO `account` VALUES ('3', 'ccc', '1000') 

-------
06/18/2017 17:18:57
-------

-- create table `account`
DROP TABLE `account` 
CREATE TABLE `account` (
  `id` int(11) NOT NULL AUTO_INCREMENT,
  `name` varchar(20) NOT NULL,
  `money` double DEFAULT NULL,
  PRIMARY KEY (`id`)
)   
INSERT INTO `account` VALUES ('1', 'aaa', '1000') 
INSERT INTO `account` VALUES ('2', 'bbb', '1000') 
INSERT INTO `account` VALUES ('3', 'ccc', '1000') 

-------
06/19/2017 17:19:31
-------

-- create table `account`
DROP TABLE `account` 
CREATE TABLE `account` (
  `id` int(11) NOT NULL AUTO_INCREMENT,
  `name` varchar(20) NOT NULL,
  `money` double DEFAULT NULL,
  PRIMARY KEY (`id`)
)   
INSERT INTO `account` VALUES ('1', 'aaa', '1000') 
INSERT INTO `account` VALUES ('2', 'bbb', '1000') 
INSERT INTO `account` VALUES ('3', 'ccc', '1000') 

-------
06/19/2017 17:19:53
-------

-- create table `account`
DROP TABLE `account` 
CREATE TABLE `account` (
  `id` int(11) NOT NULL AUTO_INCREMENT,
  `name` varchar(20) NOT NULL,
  `money` double DEFAULT NULL,
  PRIMARY KEY (`id`)
)   
INSERT INTO `account` VALUES ('1', 'aaa', '1000') 
INSERT INTO `account` VALUES ('2', 'bbb', '1000') 
INSERT INTO `account` VALUES ('3', 'ccc', '1000') 

-------
06/21/2017 17:21:49
-------

-- create table `account`
DROP TABLE `account` 
CREATE TABLE `account` (
  `id` int(11) NOT NULL AUTO_INCREMENT,
  `name` varchar(20) NOT NULL,
  `money` double DEFAULT NULL,
  PRIMARY KEY (`id`)
)   
INSERT INTO `account` VALUES ('1', 'aaa', '1000') 
INSERT INTO `account` VALUES ('2', 'bbb', '1000') 
INSERT INTO `account` VALUES ('3', 'ccc', '1000') 

-------
06/21/2017 17:21:49
-------

-- create table `account`
drop table account 

-------
06/22/2017 17:22:02
-------

-- create table `account`
DROP TABLE `account` 
CREATE TABLE `account` (
  `id` int(11) NOT NULL AUTO_INCREMENT,
  `name` varchar(20) NOT NULL,
  `money` double DEFAULT NULL,
  PRIMARY KEY (`id`)
)   
INSERT INTO `account` VALUES ('1', 'aaa', '1000') 
INSERT INTO `account` VALUES ('2', 'bbb', '1000') 
INSERT INTO `account` VALUES ('3', 'ccc', '1000') 

-------
06/22/2017 17:22:02
-------

-- create table `account`
drop table account 

-------
06/22/2017 17:22:15
-------

-- create table `account`
DROP TABLE `account` 
CREATE TABLE `account` (
  `id` int(11) NOT NULL AUTO_INCREMENT,
  `name` varchar(20) NOT NULL,
  `money` double DEFAULT NULL,
  PRIMARY KEY (`id`)
)   
INSERT INTO `account` VALUES ('1', 'aaa', '1000') 
INSERT INTO `account` VALUES ('2', 'bbb', '1000') 
INSERT INTO `account` VALUES ('3', 'ccc', '1000') 

-------
06/22/2017 17:22:15
-------

-- create table `account`
drop table account 

-------
06/25/2017 17:25:43
-------

-- create table `account`
DROP TABLE `account` 
CREATE TABLE `account` (
  `id` int(11) NOT NULL AUTO_INCREMENT,
  `name` varchar(20) NOT NULL,
  `money` double DEFAULT NULL,
  PRIMARY KEY (`id`)
)   
INSERT INTO `account` VALUES ('1', 'aaa', '1000') 
INSERT INTO `account` VALUES ('2', 'bbb', '1000') 
INSERT INTO `account` VALUES ('3', 'ccc', '1000') 

-------
06/27/2017 17:27:38
-------

-- create table `account`
DROP TABLE `account` 
CREATE TABLE `account` (
  `id` int(11) NOT NULL AUTO_INCREMENT,
  `name` varchar(20) NOT NULL,
  `money` double DEFAULT NULL,
  PRIMARY KEY (`id`)
)   
INSERT INTO `account` VALUES ('1', 'aaa', '1000') 
INSERT INTO `account` VALUES ('2', 'bbb', '1000') 
INSERT INTO `account` VALUES ('3', 'ccc', '1000') 

-------
06/30/2017 17:30:20
-------

-- create table `account`
DROP TABLE `account` 
CREATE TABLE `account` (
  `id` int(11) NOT NULL AUTO_INCREMENT,
  `name` varchar(20) NOT NULL,
  `money` double DEFAULT NULL,
  PRIMARY KEY (`id`)
)   
INSERT INTO `account` VALUES ('1', 'aaa', '1000') 
INSERT INTO `account` VALUES ('2', 'bbb', '1000') 
INSERT INTO `account` VALUES ('3', 'ccc', '1000') 

-------
06/31/2017 17:31:25
-------

-- create table `account`
-- DROP TABLE `account`;
CREATE TABLE `account` (
  `id` int(11) NOT NULL AUTO_INCREMENT,
  `name` varchar(20) NOT NULL,
  `money` double DEFAULT NULL,
  PRIMARY KEY (`id`)
)   
INSERT INTO `account` VALUES ('1', 'aaa', '1000') 
INSERT INTO `account` VALUES ('2', 'bbb', '1000') 
INSERT INTO `account` VALUES ('3', 'ccc', '1000') 

-------
06/33/2017 17:33:45
-------

-- create table `account`
DROP TABLE if exists `account` 
CREATE TABLE `account` (
  `id` int(11) NOT NULL AUTO_INCREMENT,
  `name` varchar(20) NOT NULL,
  `money` double DEFAULT NULL,
  PRIMARY KEY (`id`)
)   
INSERT INTO `account` VALUES ('1', 'aaa', '1000') 
INSERT INTO `account` VALUES ('2', 'bbb', '1000') 
INSERT INTO `account` VALUES ('3', 'ccc', '1000') 

-------
06/34/2017 17:34:35
-------

-- create table `account`
DROP TABLE if exists account 
CREATE TABLE account (
  `id` int(11) NOT NULL AUTO_INCREMENT,
  `name` varchar(20) NOT NULL,
  `money` double DEFAULT NULL,
  PRIMARY KEY (`id`)
)   
INSERT INTO `account` VALUES ('1', 'aaa', '1000') 
INSERT INTO `account` VALUES ('2', 'bbb', '1000') 
INSERT INTO `account` VALUES ('3', 'ccc', '1000') 

-------
06/35/2017 17:35:28
-------

-- create table `account`
DROP TABLE if exists account 
CREATE TABLE account (
  id int(11) NOT NULL AUTO_INCREMENT,
  name varchar(20) NOT NULL,
  money double DEFAULT NULL,
  PRIMARY KEY (id)
)   
INSERT INTO account VALUES ('1', 'aaa', '1000') 
INSERT INTO account VALUES ('2', 'bbb', '1000') 
INSERT INTO account VALUES ('3', 'ccc', '1000') 

-------
06/39/2017 17:39:47
-------

-- create table `account`
DROP TABLE if exists account 
CREATE TABLE account (
  id int(11) NOT NULL AUTO_INCREMENT,
  name varchar(20) NOT NULL,
  money double DEFAULT NULL,
  PRIMARY KEY (id)
)   
INSERT INTO account VALUES ('1', 'aaa', '1000') 
INSERT INTO account VALUES ('2', 'bbb', '1000') 
INSERT INTO account VALUES ('3', 'ccc', '1000') 

-------
06/40/2017 17:40:04
-------

-- create table `account`
DROP TABLE if exists account 
CREATE TABLE account (
  id int(11) NOT NULL AUTO_INCREMENT,
  name varchar(20) NOT NULL,
  money double DEFAULT NULL,
  PRIMARY KEY (id)
)   
INSERT INTO account VALUES ('1', 'aaa', '1000') 
INSERT INTO account VALUES ('2', 'bbb', '1000') 
INSERT INTO account VALUES ('3', 'ccc', '1000') 

-------
06/40/2017 17:40:46
-------

-- create table `account`
DROP TABLE if exists account 
CREATE TABLE account (
  id int(11) NOT NULL AUTO_INCREMENT,
  name varchar(20) NOT NULL,
  money double DEFAULT NULL,
  PRIMARY KEY (id)
)   
INSERT INTO account VALUES ('1', 'aaa', '1000') 
INSERT INTO account VALUES ('2', 'bbb', '1000') 
INSERT INTO account VALUES ('3', 'ccc', '1000') 

-------
06/42/2017 17:42:04
-------

-- create table `account`
DROP TABLE if exists account 
CREATE TABLE account (
  id int(11) NOT NULL AUTO_INCREMENT,
  name varchar(20) NOT NULL,
  money double DEFAULT NULL,
  PRIMARY KEY (id)
)   
INSERT INTO account VALUES ('1', 'aaa', '1000') 
INSERT INTO account VALUES ('2', 'bbb', '1000') 
INSERT INTO account VALUES ('3', 'ccc', '1000') 

-------
06/42/2017 17:42:34
-------

-- create table `account`
DROP TABLE if exists account 
CREATE TABLE account (
  id int(11) NOT NULL AUTO_INCREMENT,
  name varchar(20) NOT NULL,
  money double DEFAULT NULL,
  PRIMARY KEY (id)
)   
INSERT INTO account VALUES ('1', 'aaa', '1000') 
INSERT INTO account VALUES ('2', 'bbb', '1000') 
INSERT INTO account VALUES ('3', 'ccc', '1000') 

-------
06/45/2017 17:45:31
-------

-- create table `account`
DROP TABLE if exists account 
CREATE TABLE account (
  id int(11) NOT NULL AUTO_INCREMENT,
  name varchar(20) NOT NULL,
  money double DEFAULT NULL,
  PRIMARY KEY (id)
)   
INSERT INTO account VALUES ('1', 'aaa', '1000') 
INSERT INTO account VALUES ('2', 'bbb', '1000') 
INSERT INTO account VALUES ('3', 'ccc', '1000') 

-------
06/46/2017 17:46:55
-------

-- create table `account`
DROP TABLE if exists account 
CREATE TABLE account (
  id int(11) NOT NULL AUTO_INCREMENT,
  name varchar(20) NOT NULL,
  money double DEFAULT NULL,
  PRIMARY KEY (id)
)   
INSERT INTO account VALUES ('1', 'aaa', '1000') 
INSERT INTO account VALUES ('2', 'bbb', '1000') 
INSERT INTO account VALUES ('3', 'ccc', '1000') 

-------
06/48/2017 17:48:58
-------

-- create table `account`
DROP TABLE if exists account 
CREATE TABLE account (
  id int(11) NOT NULL AUTO_INCREMENT,
  name varchar(20) NOT NULL,
  money double DEFAULT NULL,
  PRIMARY KEY (id)
)   
INSERT INTO account VALUES ('1', 'aaa', '1000') 
INSERT INTO account VALUES ('2', 'bbb', '1000') 
INSERT INTO account VALUES ('3', 'ccc', '1000') 

-------
06/49/2017 17:49:52
-------

-- create table `account`
DROP TABLE if exists account 
CREATE TABLE account (
  id int(11) NOT NULL AUTO_INCREMENT,
  name varchar(20) NOT NULL,
  money double DEFAULT NULL,
  PRIMARY KEY (id)
)   
INSERT INTO account VALUES ('1', 'aaa', '1000') 
INSERT INTO account VALUES ('2', 'bbb', '1000') 
INSERT INTO account VALUES ('3', 'ccc', '1000') 
